2026-02-06 16:48:22,704 - INFO - Initializing Simulation with Seed: 42
2026-02-06 16:48:22,709 - INFO - Persisted 300 properties to DB (V2).
2026-02-06 16:48:22,709 - INFO - Starting Batch Agent Generation (V2 Schema)...
2026-02-06 16:48:22,709 - INFO - Using Default Agent Configuration
2026-02-06 16:48:22,709 - INFO - Generating 4 agents for tier: high
2026-02-06 16:48:22,710 - INFO - Generating 16 agents for tier: middle
2026-02-06 16:48:22,710 - INFO - Generating 20 agents for tier: lower_middle
2026-02-06 16:48:22,710 - INFO - Generating 10 agents for tier: low
2026-02-06 16:48:22,711 - ERROR - Initialization Failed: UNIQUE constraint failed: agents_static.agent_id
Database initialized at simulation.db with V2 schema.
Traceback (most recent call last):
  File "D:\GitProj\oasis-main\simulation_runner.py", line 215, in <module>
    runner.run()
    ~~~~~~~~~~^^
  File "D:\GitProj\oasis-main\simulation_runner.py", line 101, in run
    self.initialize()
    ~~~~~~~~~~~~~~~^^
  File "D:\GitProj\oasis-main\simulation_runner.py", line 80, in initialize
    self.agent_service.initialize_agents(self.agent_count, properties)
    ~~~~~~~~~~~~~~~~~~~~~~~~~~~~~~~~~~~~^^^^^^^^^^^^^^^^^^^^^^^^^^^^^^
  File "D:\GitProj\oasis-main\services\agent_service.py", line 176, in initialize_agents
    self._flush_agents(cursor, batch_static, batch_finance)
    ~~~~~~~~~~~~~~~~~~^^^^^^^^^^^^^^^^^^^^^^^^^^^^^^^^^^^^^
  File "D:\GitProj\oasis-main\services\agent_service.py", line 204, in _flush_agents
    cursor.executemany("""
    ~~~~~~~~~~~~~~~~~~^^^^
        INSERT INTO agents_static (agent_id, name, birth_year, marital_status, children_ages, occupation, background_story, investment_style)
        ^^^^^^^^^^^^^^^^^^^^^^^^^^^^^^^^^^^^^^^^^^^^^^^^^^^^^^^^^^^^^^^^^^^^^^^^^^^^^^^^^^^^^^^^^^^^^^^^^^^^^^^^^^^^^^^^^^^^^^^^^^^^^^^^^^^^^
        VALUES (?, ?, ?, ?, ?, ?, ?, ?)
        ^^^^^^^^^^^^^^^^^^^^^^^^^^^^^^^
    """, batch_static)
    ^^^^^^^^^^^^^^^^^^
sqlite3.IntegrityError: UNIQUE constraint failed: agents_static.agent_id
