2026-02-06 16:47:00,065 - INFO - Initializing Simulation with Seed: 42
2026-02-06 16:47:00,079 - INFO - Persisted 300 properties to DB (V2).
2026-02-06 16:47:00,079 - INFO - Starting Batch Agent Generation (V2 Schema)...
2026-02-06 16:47:00,079 - INFO - Using Default Agent Configuration
2026-02-06 16:47:00,079 - INFO - Generating 4 agents for tier: high
2026-02-06 16:47:00,079 - INFO - Generating 16 agents for tier: middle
2026-02-06 16:47:00,080 - INFO - Generating 20 agents for tier: lower_middle
2026-02-06 16:47:00,080 - INFO - Generating 10 agents for tier: low
2026-02-06 16:47:00,089 - INFO - Assigning 36 properties to agents...
2026-02-06 16:47:00,097 - INFO - Initialization Complete (V2). Generated 50 Agents.
2026-02-06 16:47:00,105 - INFO - Created 3 initial listings (V2 properties_market).
2026-02-06 16:47:00,107 - INFO - Starting Simulation: 1 Months
2026-02-06 16:47:00,108 - INFO - --- Month 1 ---
2026-02-06 16:47:00,109 - INFO - 
【\U0001f4ca 市场公报 - 第1月】
━━━━━━━━━━━━━━━━━━━━━━━
\U0001f4c8 上月成交: 0 套
\U0001f4b0 成交均价: \xa50 (+0.0%)
\U0001f3e2 A区热度: COLD | B区热度: COLD
\U0001f4ca 趋势信号: \u27a1\ufe0f STABLE (连续0月)
━━━━━━━━━━━━━━━━━━━━━━━

2026-02-06 16:47:00,112 - ERROR - Simulation Error: 'NoneType' object has no attribute 'life_events'
Traceback (most recent call last):
  File "D:\GitProj\oasis-main\simulation_runner.py", line 136, in run
    self.agent_service.process_life_events(month, batch_decision_logs)
    ~~~~~~~~~~~~~~~~~~~~~~~~~~~~~~~~~~~~~~^^^^^^^^^^^^^^^^^^^^^^^^^^^^
  File "D:\GitProj\oasis-main\services\agent_service.py", line 333, in process_life_events
    if self.config.life_events:
       ^^^^^^^^^^^^^^^^^^^^^^^
AttributeError: 'NoneType' object has no attribute 'life_events'
Database initialized at simulation.db with V2 schema.

============================================================
  馃搵 闃舵1锛欰gent 鏁版嵁鐢熸垚
============================================================

鍏辩敓鎴?50 涓?Agent銆傚墠 3 涓牱鏈?

銆怉gent 1銆?
  濮撳悕: 姹ゅ媷
  骞撮緞: 36 | 濠氬Щ: married
  鏀跺叆: 75,211 鍏?鏈?
  鐜伴噾: 8,812,189 鍏?
  鑱屼笟: 涓夌敳鍖婚櫌涓撳鍖荤敓
  鎴夸骇: 1 濂?

銆怉gent 2銆?
  濮撳悕: 姹収
  骞撮緞: 32 | 濠氬Щ: single
  鏀跺叆: 64,302 鍏?鏈?
  鐜伴噾: 3,141,365 鍏?
  鑱屼笟: 浜掕仈缃戝ぇ鍘侾8
  鎴夸骇: 3 濂?

銆怉gent 3銆?
  濮撳悕: 闄堣姵
  骞撮緞: 39 | 濠氬Щ: married
  鏀跺叆: 56,784 鍏?鏈?
  鐜伴噾: 6,563,582 鍏?
  鑱屼笟: 浜掕仈缃戝ぇ鍘侾8
  鎴夸骇: 3 濂?

... (鐪佺暐鍓╀綑 47 涓?Agent)

==================================================
馃彔 鎴夸骇浜ゆ槗鎵€ - 绗?1 鏈?
瀹忚鐜: STABLE: 缁忔祹骞崇ǔ锛屾斂绛栫ǔ瀹氾紝甯傚満渚涢渶骞宠　銆?
==================================================

